#
# There is insufficient memory for the Java Runtime Environment to continue.
# Native memory allocation (malloc) failed to allocate 845872 bytes. Error detail: Chunk::new
# Possible reasons:
#   The system is out of physical RAM or swap space
#   This process is running with CompressedOops enabled, and the Java Heap may be blocking the growth of the native heap
# Possible solutions:
#   Reduce memory load on the system
#   Increase physical memory or swap space
#   Check if swap backing store is full
#   Decrease Java heap size (-Xmx/-Xms)
#   Decrease number of Java threads
#   Decrease Java thread stack sizes (-Xss)
#   Set larger code cache with -XX:ReservedCodeCacheSize=
#   JVM is running with Zero Based Compressed Oops mode in which the Java heap is
#     placed in the first 32GB address space. The Java Heap base address is the
#     maximum limit for the native heap growth. Please use -XX:HeapBaseMinAddress
#     to set the Java Heap base and to place the Java Heap above 32GB virtual address.
# This output file may be truncated or incomplete.
#
#  Out of Memory Error (arena.cpp:150), pid=736316, tid=735952
#
# JRE version: OpenJDK Runtime Environment (22.0.1+8) (build 22.0.1+8-16)
# Java VM: OpenJDK 64-Bit Server VM (22.0.1+8-16, mixed mode, sharing, tiered, compressed oops, compressed class ptrs, g1 gc, windows-amd64)
# No core dump will be written. Minidumps are not enabled by default on client versions of Windows
#

---------------  S U M M A R Y ------------

Command Line: -javaagent:C:\Program Files\JetBrains\IntelliJ IDEA Community Edition 2024.1.1\lib\idea_rt.jar=14129:C:\Program Files\JetBrains\IntelliJ IDEA Community Edition 2024.1.1\bin -Dfile.encoding=UTF-8 -Dsun.stdout.encoding=UTF-8 -Dsun.stderr.encoding=UTF-8 com.thahawuru_police.application.Application

Host: 11th Gen Intel(R) Core(TM) i7-11800H @ 2.30GHz, 16 cores, 15G,  Windows 11 , 64 bit Build 22621 (10.0.22621.3672)
Time: Wed Jul 31 12:51:17 2024 Sri Lanka Standard Time elapsed time: 1.100446 seconds (0d 0h 0m 1s)

---------------  T H R E A D  ---------------

Current thread (0x000001c87e1b9e00):  JavaThread "C2 CompilerThread1" daemon [_thread_in_native, id=735952, stack(0x0000005dcf100000,0x0000005dcf200000) (1024K)]


Current CompileTask:
C2:1100 1763       4       org.springframework.boot.context.properties.source.ConfigurationPropertyName$ElementsParser::parse (234 bytes)

Stack: [0x0000005dcf100000,0x0000005dcf200000]
Native frames: (J=compiled Java code, j=interpreted, Vv=VM code, C=native code)
V  [jvm.dll+0x6e2279]  (no source info available)
V  [jvm.dll+0x874e33]  (no source info available)
V  [jvm.dll+0x87725e]  (no source info available)
V  [jvm.dll+0x877933]  (no source info available)
V  [jvm.dll+0x27fd76]  (no source info available)
V  [jvm.dll+0xc3d0f]  (no source info available)
V  [jvm.dll+0xc3f6b]  (no source info available)
V  [jvm.dll+0x3bb10c]  (no source info available)
V  [jvm.dll+0x387b6b]  (no source info available)
V  [jvm.dll+0x386fda]  (no source info available)
V  [jvm.dll+0x247918]  (no source info available)
V  [jvm.dll+0x246fbf]  (no source info available)
V  [jvm.dll+0x1c4e90]  (no source info available)
V  [jvm.dll+0x2569fe]  (no source info available)
V  [jvm.dll+0x254cba]  (no source info available)
V  [jvm.dll+0x3f5336]  (no source info available)
V  [jvm.dll+0x81d44b]  (no source info available)
V  [jvm.dll+0x6e0915]  (no source info available)
C  [ucrtbase.dll+0x29333]  (no source info available)
C  [KERNEL32.DLL+0x1257d]  (no source info available)
C  [ntdll.dll+0x5af28]  (no source info available)


---------------  P R O C E S S  ---------------

Threads class SMR info:
_java_thread_list=0x000001c87f1923b0, length=19, elements={
0x000001c81d159ca0, 0x000001c83cb882e0, 0x000001c83cb892f0, 0x000001c83cb95e00,
0x000001c83cb98dc0, 0x000001c83cb9a0b0, 0x000001c83cb9c3b0, 0x000001c83cba1e80,
0x000001c83cba31c0, 0x000001c87e106da0, 0x000001c87e10d430, 0x000001c87e1b9e00,
0x000001c87e610ff0, 0x000001c87e611660, 0x000001c87e7f3860, 0x000001c87e644af0,
0x000001c87e9fda70, 0x000001c87e9fe560, 0x000001c87f18ba20
}

Java Threads: ( => current thread )
  0x000001c81d159ca0 JavaThread "main"                              [_thread_blocked, id=737096, stack(0x0000005dcdf00000,0x0000005dce000000) (1024K)]
  0x000001c83cb882e0 JavaThread "Reference Handler"          daemon [_thread_blocked, id=730172, stack(0x0000005dce700000,0x0000005dce800000) (1024K)]
  0x000001c83cb892f0 JavaThread "Finalizer"                  daemon [_thread_blocked, id=736124, stack(0x0000005dce800000,0x0000005dce900000) (1024K)]
  0x000001c83cb95e00 JavaThread "Signal Dispatcher"          daemon [_thread_blocked, id=728332, stack(0x0000005dce900000,0x0000005dcea00000) (1024K)]
  0x000001c83cb98dc0 JavaThread "Attach Listener"            daemon [_thread_blocked, id=736100, stack(0x0000005dcea00000,0x0000005dceb00000) (1024K)]
  0x000001c83cb9a0b0 JavaThread "Service Thread"             daemon [_thread_blocked, id=732180, stack(0x0000005dceb00000,0x0000005dcec00000) (1024K)]
  0x000001c83cb9c3b0 JavaThread "Monitor Deflation Thread"   daemon [_thread_blocked, id=720528, stack(0x0000005dcec00000,0x0000005dced00000) (1024K)]
  0x000001c83cba1e80 JavaThread "C2 CompilerThread0"         daemon [_thread_in_native, id=735420, stack(0x0000005dced00000,0x0000005dcee00000) (1024K)]
  0x000001c83cba31c0 JavaThread "C1 CompilerThread0"         daemon [_thread_blocked, id=736084, stack(0x0000005dcee00000,0x0000005dcef00000) (1024K)]
  0x000001c87e106da0 JavaThread "Common-Cleaner"             daemon [_thread_blocked, id=736004, stack(0x0000005dcef00000,0x0000005dcf000000) (1024K)]
  0x000001c87e10d430 JavaThread "C1 CompilerThread1"         daemon [_thread_blocked, id=735268, stack(0x0000005dcf000000,0x0000005dcf100000) (1024K)]
=>0x000001c87e1b9e00 JavaThread "C2 CompilerThread1"         daemon [_thread_in_native, id=735952, stack(0x0000005dcf100000,0x0000005dcf200000) (1024K)]
  0x000001c87e610ff0 JavaThread "Monitor Ctrl-Break"         daemon [_thread_in_native, id=735936, stack(0x0000005dcf200000,0x0000005dcf300000) (1024K)]
  0x000001c87e611660 JavaThread "Notification Thread"        daemon [_thread_blocked, id=725420, stack(0x0000005dcf300000,0x0000005dcf400000) (1024K)]
  0x000001c87e7f3860 JavaThread "C1 CompilerThread2"         daemon [_thread_blocked, id=730164, stack(0x0000005dcf400000,0x0000005dcf500000) (1024K)]
  0x000001c87e644af0 JavaThread "C1 CompilerThread3"         daemon [_thread_blocked, id=735372, stack(0x0000005dcf500000,0x0000005dcf600000) (1024K)]
  0x000001c87e9fda70 JavaThread "Thread-0"                          [_thread_blocked, id=735884, stack(0x0000005dcf600000,0x0000005dcf700000) (1024K)]
  0x000001c87e9fe560 JavaThread "restartedMain"                     [_thread_in_native, id=734044, stack(0x0000005dcf700000,0x0000005dcf800000) (1024K)]
  0x000001c87f18ba20 JavaThread "background-preinit"                [_thread_in_native, id=733960, stack(0x0000005dcfd00000,0x0000005dcfe00000) (1024K)]
Total: 19

Other Threads:
  0x000001c83cb6d250 VMThread "VM Thread"                           [id=645340, stack(0x0000005dce600000,0x0000005dce700000) (1024K)]
  0x000001c83cb550d0 WatcherThread "VM Periodic Task Thread"        [id=737052, stack(0x0000005dce500000,0x0000005dce600000) (1024K)]
  0x000001c81d1c24f0 WorkerThread "GC Thread#0"                     [id=735812, stack(0x0000005dce000000,0x0000005dce100000) (1024K)]
  0x000001c87ed480f0 WorkerThread "GC Thread#1"                     [id=729152, stack(0x0000005dcf800000,0x0000005dcf900000) (1024K)]
  0x000001c87e8faf70 WorkerThread "GC Thread#2"                     [id=735536, stack(0x0000005dcf900000,0x0000005dcfa00000) (1024K)]
  0x000001c87ed46730 WorkerThread "GC Thread#3"                     [id=735412, stack(0x0000005dcfa00000,0x0000005dcfb00000) (1024K)]
  0x000001c87ed46ae0 WorkerThread "GC Thread#4"                     [id=734336, stack(0x0000005dcfb00000,0x0000005dcfc00000) (1024K)]
  0x000001c87ed7b910 WorkerThread "GC Thread#5"                     [id=729776, stack(0x0000005dcfc00000,0x0000005dcfd00000) (1024K)]
  0x000001c81d1d3250 ConcurrentGCThread "G1 Main Marker"            [id=735896, stack(0x0000005dce100000,0x0000005dce200000) (1024K)]
  0x000001c81d1d3d60 WorkerThread "G1 Conc#0"                       [id=737100, stack(0x0000005dce200000,0x0000005dce300000) (1024K)]
  0x000001c83ca26bf0 ConcurrentGCThread "G1 Refine#0"               [id=737104, stack(0x0000005dce300000,0x0000005dce400000) (1024K)]
  0x000001c83ca27770 ConcurrentGCThread "G1 Service"                [id=737108, stack(0x0000005dce400000,0x0000005dce500000) (1024K)]
Total: 12

Threads with active compile tasks:
C2 CompilerThread0  1170 1901   !   4       jdk.internal.loader.URLClassPath$JarLoader::getResource (40 bytes)
C2 CompilerThread1  1170 1763       4       org.springframework.boot.context.properties.source.ConfigurationPropertyName$ElementsParser::parse (234 bytes)
Total: 2

VM state: not at safepoint (normal execution)

VM Mutex/Monitor currently owned by a thread: None

Heap address: 0x0000000704400000, size: 4028 MB, Compressed Oops mode: Zero based, Oop shift amount: 3

CDS archive(s) mapped at: [0x000001c83d000000-0x000001c83dc50000-0x000001c83dc50000), size 12910592, SharedBaseAddress: 0x000001c83d000000, ArchiveRelocationMode: 1.
Compressed class space mapped at: 0x000001c83e000000-0x000001c87e000000, reserved size: 1073741824
Narrow klass base: 0x000001c83d000000, Narrow klass shift: 0, Narrow klass range: 0x41000000

GC Precious Log:
 CardTable entry size: 512
 Card Set container configuration: InlinePtr #cards 4 size 8 Array Of Cards #cards 16 size 48 Howl #buckets 8 coarsen threshold 3686 Howl Bitmap #cards 512 size 80 coarsen threshold 460 Card regions per heap region 1 cards per card region 4096
 CPUs: 16 total, 16 available
 Memory: 16105M
 Large Page Support: Disabled
 NUMA Support: Disabled
 Compressed Oops: Enabled (Zero based)
 Heap Region Size: 2M
 Heap Min Capacity: 8M
 Heap Initial Capacity: 252M
 Heap Max Capacity: 4028M
 Pre-touch: Disabled
 Parallel Workers: 13
 Concurrent Workers: 3
 Concurrent Refinement Workers: 13
 Periodic GC: Disabled

Heap:
 garbage-first heap   total reserved 4124672K, committed 258048K, used 20999K [0x0000000704400000, 0x0000000800000000)
  region size 2048K, 10 young (20480K), 2 survivors (4096K)
 Metaspace       used 9594K, committed 9856K, reserved 1114112K
  class space    used 1186K, committed 1280K, reserved 1048576K

Heap Regions: E=young(eden), S=young(survivor), O=old, HS=humongous(starts), HC=humongous(continues), CS=collection set, F=free, TAMS=top-at-mark-start, PB=parsable bottom
|   0|0x0000000704400000, 0x0000000704600000, 0x0000000704600000|100%| O|  |TAMS 0x0000000704400000| PB 0x0000000704400000| Untracked |  0
|   1|0x0000000704600000, 0x0000000704681f60, 0x0000000704800000| 25%| O|  |TAMS 0x0000000704600000| PB 0x0000000704600000| Untracked |  0
|   2|0x0000000704800000, 0x0000000704800000, 0x0000000704a00000|  0%| F|  |TAMS 0x0000000704800000| PB 0x0000000704800000| Untracked |  0
|   3|0x0000000704a00000, 0x0000000704a00000, 0x0000000704c00000|  0%| F|  |TAMS 0x0000000704a00000| PB 0x0000000704a00000| Untracked |  0
|   4|0x0000000704c00000, 0x0000000704c00000, 0x0000000704e00000|  0%| F|  |TAMS 0x0000000704c00000| PB 0x0000000704c00000| Untracked |  0
|   5|0x0000000704e00000, 0x0000000704e00000, 0x0000000705000000|  0%| F|  |TAMS 0x0000000704e00000| PB 0x0000000704e00000| Untracked |  0
|   6|0x0000000705000000, 0x0000000705000000, 0x0000000705200000|  0%| F|  |TAMS 0x0000000705000000| PB 0x0000000705000000| Untracked |  0
|   7|0x0000000705200000, 0x0000000705200000, 0x0000000705400000|  0%| F|  |TAMS 0x0000000705200000| PB 0x0000000705200000| Untracked |  0
|   8|0x0000000705400000, 0x0000000705400000, 0x0000000705600000|  0%| F|  |TAMS 0x0000000705400000| PB 0x0000000705400000| Untracked |  0
|   9|0x0000000705600000, 0x0000000705600000, 0x0000000705800000|  0%| F|  |TAMS 0x0000000705600000| PB 0x0000000705600000| Untracked |  0
|  10|0x0000000705800000, 0x0000000705800000, 0x0000000705a00000|  0%| F|  |TAMS 0x0000000705800000| PB 0x0000000705800000| Untracked |  0
|  11|0x0000000705a00000, 0x0000000705a00000, 0x0000000705c00000|  0%| F|  |TAMS 0x0000000705a00000| PB 0x0000000705a00000| Untracked |  0
|  12|0x0000000705c00000, 0x0000000705c00000, 0x0000000705e00000|  0%| F|  |TAMS 0x0000000705c00000| PB 0x0000000705c00000| Untracked |  0
|  13|0x0000000705e00000, 0x0000000705e00000, 0x0000000706000000|  0%| F|  |TAMS 0x0000000705e00000| PB 0x0000000705e00000| Untracked |  0
|  14|0x0000000706000000, 0x0000000706000000, 0x0000000706200000|  0%| F|  |TAMS 0x0000000706000000| PB 0x0000000706000000| Untracked |  0
|  15|0x0000000706200000, 0x0000000706200000, 0x0000000706400000|  0%| F|  |TAMS 0x0000000706200000| PB 0x0000000706200000| Untracked |  0
|  16|0x0000000706400000, 0x0000000706400000, 0x0000000706600000|  0%| F|  |TAMS 0x0000000706400000| PB 0x0000000706400000| Untracked |  0
|  17|0x0000000706600000, 0x0000000706600000, 0x0000000706800000|  0%| F|  |TAMS 0x0000000706600000| PB 0x0000000706600000| Untracked |  0
|  18|0x0000000706800000, 0x0000000706800000, 0x0000000706a00000|  0%| F|  |TAMS 0x0000000706800000| PB 0x0000000706800000| Untracked |  0
|  19|0x0000000706a00000, 0x0000000706a00000, 0x0000000706c00000|  0%| F|  |TAMS 0x0000000706a00000| PB 0x0000000706a00000| Untracked |  0
|  20|0x0000000706c00000, 0x0000000706c00000, 0x0000000706e00000|  0%| F|  |TAMS 0x0000000706c00000| PB 0x0000000706c00000| Untracked |  0
|  21|0x0000000706e00000, 0x0000000706e00000, 0x0000000707000000|  0%| F|  |TAMS 0x0000000706e00000| PB 0x0000000706e00000| Untracked |  0
|  22|0x0000000707000000, 0x0000000707000000, 0x0000000707200000|  0%| F|  |TAMS 0x0000000707000000| PB 0x0000000707000000| Untracked |  0
|  23|0x0000000707200000, 0x0000000707200000, 0x0000000707400000|  0%| F|  |TAMS 0x0000000707200000| PB 0x0000000707200000| Untracked |  0
|  24|0x0000000707400000, 0x0000000707400000, 0x0000000707600000|  0%| F|  |TAMS 0x0000000707400000| PB 0x0000000707400000| Untracked |  0
|  25|0x0000000707600000, 0x0000000707600000, 0x0000000707800000|  0%| F|  |TAMS 0x0000000707600000| PB 0x0000000707600000| Untracked |  0
|  26|0x0000000707800000, 0x0000000707800000, 0x0000000707a00000|  0%| F|  |TAMS 0x0000000707800000| PB 0x0000000707800000| Untracked |  0
|  27|0x0000000707a00000, 0x0000000707a00000, 0x0000000707c00000|  0%| F|  |TAMS 0x0000000707a00000| PB 0x0000000707a00000| Untracked |  0
|  28|0x0000000707c00000, 0x0000000707c00000, 0x0000000707e00000|  0%| F|  |TAMS 0x0000000707c00000| PB 0x0000000707c00000| Untracked |  0
|  29|0x0000000707e00000, 0x0000000707e00000, 0x0000000708000000|  0%| F|  |TAMS 0x0000000707e00000| PB 0x0000000707e00000| Untracked |  0
|  30|0x0000000708000000, 0x0000000708000000, 0x0000000708200000|  0%| F|  |TAMS 0x0000000708000000| PB 0x0000000708000000| Untracked |  0
|  31|0x0000000708200000, 0x0000000708200000, 0x0000000708400000|  0%| F|  |TAMS 0x0000000708200000| PB 0x0000000708200000| Untracked |  0
|  32|0x0000000708400000, 0x0000000708400000, 0x0000000708600000|  0%| F|  |TAMS 0x0000000708400000| PB 0x0000000708400000| Untracked |  0
|  33|0x0000000708600000, 0x0000000708600000, 0x0000000708800000|  0%| F|  |TAMS 0x0000000708600000| PB 0x0000000708600000| Untracked |  0
|  34|0x0000000708800000, 0x0000000708800000, 0x0000000708a00000|  0%| F|  |TAMS 0x0000000708800000| PB 0x0000000708800000| Untracked |  0
|  35|0x0000000708a00000, 0x0000000708a00000, 0x0000000708c00000|  0%| F|  |TAMS 0x0000000708a00000| PB 0x0000000708a00000| Untracked |  0
|  36|0x0000000708c00000, 0x0000000708c00000, 0x0000000708e00000|  0%| F|  |TAMS 0x0000000708c00000| PB 0x0000000708c00000| Untracked |  0
|  37|0x0000000708e00000, 0x0000000708e00000, 0x0000000709000000|  0%| F|  |TAMS 0x0000000708e00000| PB 0x0000000708e00000| Untracked |  0
|  38|0x0000000709000000, 0x0000000709000000, 0x0000000709200000|  0%| F|  |TAMS 0x0000000709000000| PB 0x0000000709000000| Untracked |  0
|  39|0x0000000709200000, 0x0000000709200000, 0x0000000709400000|  0%| F|  |TAMS 0x0000000709200000| PB 0x0000000709200000| Untracked |  0
|  40|0x0000000709400000, 0x0000000709400000, 0x0000000709600000|  0%| F|  |TAMS 0x0000000709400000| PB 0x0000000709400000| Untracked |  0
|  41|0x0000000709600000, 0x0000000709600000, 0x0000000709800000|  0%| F|  |TAMS 0x0000000709600000| PB 0x0000000709600000| Untracked |  0
|  42|0x0000000709800000, 0x0000000709800000, 0x0000000709a00000|  0%| F|  |TAMS 0x0000000709800000| PB 0x0000000709800000| Untracked |  0
|  43|0x0000000709a00000, 0x0000000709a00000, 0x0000000709c00000|  0%| F|  |TAMS 0x0000000709a00000| PB 0x0000000709a00000| Untracked |  0
|  44|0x0000000709c00000, 0x0000000709c00000, 0x0000000709e00000|  0%| F|  |TAMS 0x0000000709c00000| PB 0x0000000709c00000| Untracked |  0
|  45|0x0000000709e00000, 0x0000000709e00000, 0x000000070a000000|  0%| F|  |TAMS 0x0000000709e00000| PB 0x0000000709e00000| Untracked |  0
|  46|0x000000070a000000, 0x000000070a000000, 0x000000070a200000|  0%| F|  |TAMS 0x000000070a000000| PB 0x000000070a000000| Untracked |  0
|  47|0x000000070a200000, 0x000000070a200000, 0x000000070a400000|  0%| F|  |TAMS 0x000000070a200000| PB 0x000000070a200000| Untracked |  0
|  48|0x000000070a400000, 0x000000070a400000, 0x000000070a600000|  0%| F|  |TAMS 0x000000070a400000| PB 0x000000070a400000| Untracked |  0
|  49|0x000000070a600000, 0x000000070a600000, 0x000000070a800000|  0%| F|  |TAMS 0x000000070a600000| PB 0x000000070a600000| Untracked |  0
|  50|0x000000070a800000, 0x000000070a800000, 0x000000070aa00000|  0%| F|  |TAMS 0x000000070a800000| PB 0x000000070a800000| Untracked |  0
|  51|0x000000070aa00000, 0x000000070aa00000, 0x000000070ac00000|  0%| F|  |TAMS 0x000000070aa00000| PB 0x000000070aa00000| Untracked |  0
|  52|0x000000070ac00000, 0x000000070ac00000, 0x000000070ae00000|  0%| F|  |TAMS 0x000000070ac00000| PB 0x000000070ac00000| Untracked |  0
|  53|0x000000070ae00000, 0x000000070ae00000, 0x000000070b000000|  0%| F|  |TAMS 0x000000070ae00000| PB 0x000000070ae00000| Untracked |  0
|  54|0x000000070b000000, 0x000000070b000000, 0x000000070b200000|  0%| F|  |TAMS 0x000000070b000000| PB 0x000000070b000000| Untracked |  0
|  55|0x000000070b200000, 0x000000070b200000, 0x000000070b400000|  0%| F|  |TAMS 0x000000070b200000| PB 0x000000070b200000| Untracked |  0
|  56|0x000000070b400000, 0x000000070b400000, 0x000000070b600000|  0%| F|  |TAMS 0x000000070b400000| PB 0x000000070b400000| Untracked |  0
|  57|0x000000070b600000, 0x000000070b600000, 0x000000070b800000|  0%| F|  |TAMS 0x000000070b600000| PB 0x000000070b600000| Untracked |  0
|  58|0x000000070b800000, 0x000000070b800000, 0x000000070ba00000|  0%| F|  |TAMS 0x000000070b800000| PB 0x000000070b800000| Untracked |  0
|  59|0x000000070ba00000, 0x000000070ba00000, 0x000000070bc00000|  0%| F|  |TAMS 0x000000070ba00000| PB 0x000000070ba00000| Untracked |  0
|  60|0x000000070bc00000, 0x000000070bc00000, 0x000000070be00000|  0%| F|  |TAMS 0x000000070bc00000| PB 0x000000070bc00000| Untracked |  0
|  61|0x000000070be00000, 0x000000070be00000, 0x000000070c000000|  0%| F|  |TAMS 0x000000070be00000| PB 0x000000070be00000| Untracked |  0
|  62|0x000000070c000000, 0x000000070c000000, 0x000000070c200000|  0%| F|  |TAMS 0x000000070c000000| PB 0x000000070c000000| Untracked |  0
|  63|0x000000070c200000, 0x000000070c200000, 0x000000070c400000|  0%| F|  |TAMS 0x000000070c200000| PB 0x000000070c200000| Untracked |  0
|  64|0x000000070c400000, 0x000000070c400000, 0x000000070c600000|  0%| F|  |TAMS 0x000000070c400000| PB 0x000000070c400000| Untracked |  0
|  65|0x000000070c600000, 0x000000070c600000, 0x000000070c800000|  0%| F|  |TAMS 0x000000070c600000| PB 0x000000070c600000| Untracked |  0
|  66|0x000000070c800000, 0x000000070c800000, 0x000000070ca00000|  0%| F|  |TAMS 0x000000070c800000| PB 0x000000070c800000| Untracked |  0
|  67|0x000000070ca00000, 0x000000070ca00000, 0x000000070cc00000|  0%| F|  |TAMS 0x000000070ca00000| PB 0x000000070ca00000| Untracked |  0
|  68|0x000000070cc00000, 0x000000070cc00000, 0x000000070ce00000|  0%| F|  |TAMS 0x000000070cc00000| PB 0x000000070cc00000| Untracked |  0
|  69|0x000000070ce00000, 0x000000070ce00000, 0x000000070d000000|  0%| F|  |TAMS 0x000000070ce00000| PB 0x000000070ce00000| Untracked |  0
|  70|0x000000070d000000, 0x000000070d000000, 0x000000070d200000|  0%| F|  |TAMS 0x000000070d000000| PB 0x000000070d000000| Untracked |  0
|  71|0x000000070d200000, 0x000000070d200000, 0x000000070d400000|  0%| F|  |TAMS 0x000000070d200000| PB 0x000000070d200000| Untracked |  0
|  72|0x000000070d400000, 0x000000070d400000, 0x000000070d600000|  0%| F|  |TAMS 0x000000070d400000| PB 0x000000070d400000| Untracked |  0
|  73|0x000000070d600000, 0x000000070d600000, 0x000000070d800000|  0%| F|  |TAMS 0x000000070d600000| PB 0x000000070d600000| Untracked |  0
|  74|0x000000070d800000, 0x000000070d800000, 0x000000070da00000|  0%| F|  |TAMS 0x000000070d800000| PB 0x000000070d800000| Untracked |  0
|  75|0x000000070da00000, 0x000000070da00000, 0x000000070dc00000|  0%| F|  |TAMS 0x000000070da00000| PB 0x000000070da00000| Untracked |  0
|  76|0x000000070dc00000, 0x000000070dc00000, 0x000000070de00000|  0%| F|  |TAMS 0x000000070dc00000| PB 0x000000070dc00000| Untracked |  0
|  77|0x000000070de00000, 0x000000070de00000, 0x000000070e000000|  0%| F|  |TAMS 0x000000070de00000| PB 0x000000070de00000| Untracked |  0
|  78|0x000000070e000000, 0x000000070e000000, 0x000000070e200000|  0%| F|  |TAMS 0x000000070e000000| PB 0x000000070e000000| Untracked |  0
|  79|0x000000070e200000, 0x000000070e200000, 0x000000070e400000|  0%| F|  |TAMS 0x000000070e200000| PB 0x000000070e200000| Untracked |  0
|  80|0x000000070e400000, 0x000000070e400000, 0x000000070e600000|  0%| F|  |TAMS 0x000000070e400000| PB 0x000000070e400000| Untracked |  0
|  81|0x000000070e600000, 0x000000070e600000, 0x000000070e800000|  0%| F|  |TAMS 0x000000070e600000| PB 0x000000070e600000| Untracked |  0
|  82|0x000000070e800000, 0x000000070e800000, 0x000000070ea00000|  0%| F|  |TAMS 0x000000070e800000| PB 0x000000070e800000| Untracked |  0
|  83|0x000000070ea00000, 0x000000070ea00000, 0x000000070ec00000|  0%| F|  |TAMS 0x000000070ea00000| PB 0x000000070ea00000| Untracked |  0
|  84|0x000000070ec00000, 0x000000070ec00000, 0x000000070ee00000|  0%| F|  |TAMS 0x000000070ec00000| PB 0x000000070ec00000| Untracked |  0
|  85|0x000000070ee00000, 0x000000070ee00000, 0x000000070f000000|  0%| F|  |TAMS 0x000000070ee00000| PB 0x000000070ee00000| Untracked |  0
|  86|0x000000070f000000, 0x000000070f000000, 0x000000070f200000|  0%| F|  |TAMS 0x000000070f000000| PB 0x000000070f000000| Untracked |  0
|  87|0x000000070f200000, 0x000000070f200000, 0x000000070f400000|  0%| F|  |TAMS 0x000000070f200000| PB 0x000000070f200000| Untracked |  0
|  88|0x000000070f400000, 0x000000070f400000, 0x000000070f600000|  0%| F|  |TAMS 0x000000070f400000| PB 0x000000070f400000| Untracked |  0
|  89|0x000000070f600000, 0x000000070f600000, 0x000000070f800000|  0%| F|  |TAMS 0x000000070f600000| PB 0x000000070f600000| Untracked |  0
|  90|0x000000070f800000, 0x000000070f800000, 0x000000070fa00000|  0%| F|  |TAMS 0x000000070f800000| PB 0x000000070f800000| Untracked |  0
|  91|0x000000070fa00000, 0x000000070fa00000, 0x000000070fc00000|  0%| F|  |TAMS 0x000000070fa00000| PB 0x000000070fa00000| Untracked |  0
|  92|0x000000070fc00000, 0x000000070fc00000, 0x000000070fe00000|  0%| F|  |TAMS 0x000000070fc00000| PB 0x000000070fc00000| Untracked |  0
|  93|0x000000070fe00000, 0x000000070fe00000, 0x0000000710000000|  0%| F|  |TAMS 0x000000070fe00000| PB 0x000000070fe00000| Untracked |  0
|  94|0x0000000710000000, 0x0000000710000000, 0x0000000710200000|  0%| F|  |TAMS 0x0000000710000000| PB 0x0000000710000000| Untracked |  0
|  95|0x0000000710200000, 0x0000000710200000, 0x0000000710400000|  0%| F|  |TAMS 0x0000000710200000| PB 0x0000000710200000| Untracked |  0
|  96|0x0000000710400000, 0x0000000710400000, 0x0000000710600000|  0%| F|  |TAMS 0x0000000710400000| PB 0x0000000710400000| Untracked |  0
|  97|0x0000000710600000, 0x0000000710600000, 0x0000000710800000|  0%| F|  |TAMS 0x0000000710600000| PB 0x0000000710600000| Untracked |  0
|  98|0x0000000710800000, 0x0000000710800000, 0x0000000710a00000|  0%| F|  |TAMS 0x0000000710800000| PB 0x0000000710800000| Untracked |  0
|  99|0x0000000710a00000, 0x0000000710a00000, 0x0000000710c00000|  0%| F|  |TAMS 0x0000000710a00000| PB 0x0000000710a00000| Untracked |  0
| 100|0x0000000710c00000, 0x0000000710c00000, 0x0000000710e00000|  0%| F|  |TAMS 0x0000000710c00000| PB 0x0000000710c00000| Untracked |  0
| 101|0x0000000710e00000, 0x0000000710e00000, 0x0000000711000000|  0%| F|  |TAMS 0x0000000710e00000| PB 0x0000000710e00000| Untracked |  0
| 102|0x0000000711000000, 0x0000000711000000, 0x0000000711200000|  0%| F|  |TAMS 0x0000000711000000| PB 0x0000000711000000| Untracked |  0
| 103|0x0000000711200000, 0x0000000711200000, 0x0000000711400000|  0%| F|  |TAMS 0x0000000711200000| PB 0x0000000711200000| Untracked |  0
| 104|0x0000000711400000, 0x0000000711400000, 0x0000000711600000|  0%| F|  |TAMS 0x0000000711400000| PB 0x0000000711400000| Untracked |  0
| 105|0x0000000711600000, 0x0000000711600000, 0x0000000711800000|  0%| F|  |TAMS 0x0000000711600000| PB 0x0000000711600000| Untracked |  0
| 106|0x0000000711800000, 0x0000000711800000, 0x0000000711a00000|  0%| F|  |TAMS 0x0000000711800000| PB 0x0000000711800000| Untracked |  0
| 107|0x0000000711a00000, 0x0000000711a00000, 0x0000000711c00000|  0%| F|  |TAMS 0x0000000711a00000| PB 0x0000000711a00000| Untracked |  0
| 108|0x0000000711c00000, 0x0000000711c00000, 0x0000000711e00000|  0%| F|  |TAMS 0x0000000711c00000| PB 0x0000000711c00000| Untracked |  0
| 109|0x0000000711e00000, 0x0000000711e00000, 0x0000000712000000|  0%| F|  |TAMS 0x0000000711e00000| PB 0x0000000711e00000| Untracked |  0
| 110|0x0000000712000000, 0x0000000712000000, 0x0000000712200000|  0%| F|  |TAMS 0x0000000712000000| PB 0x0000000712000000| Untracked |  0
| 111|0x0000000712200000, 0x0000000712200000, 0x0000000712400000|  0%| F|  |TAMS 0x0000000712200000| PB 0x0000000712200000| Untracked |  0
| 112|0x0000000712400000, 0x0000000712600000, 0x0000000712600000|100%| S|CS|TAMS 0x0000000712400000| PB 0x0000000712400000| Complete |  0
| 113|0x0000000712600000, 0x0000000712800000, 0x0000000712800000|100%| S|CS|TAMS 0x0000000712600000| PB 0x0000000712600000| Complete |  0
| 114|0x0000000712800000, 0x0000000712800000, 0x0000000712a00000|  0%| F|  |TAMS 0x0000000712800000| PB 0x0000000712800000| Untracked |  0
| 115|0x0000000712a00000, 0x0000000712a00000, 0x0000000712c00000|  0%| F|  |TAMS 0x0000000712a00000| PB 0x0000000712a00000| Untracked |  0
| 116|0x0000000712c00000, 0x0000000712c00000, 0x0000000712e00000|  0%| F|  |TAMS 0x0000000712c00000| PB 0x0000000712c00000| Untracked |  0
| 117|0x0000000712e00000, 0x0000000712e03c28, 0x0000000713000000|  0%| E|  |TAMS 0x0000000712e00000| PB 0x0000000712e00000| Complete |  0
| 118|0x0000000713000000, 0x00000007131fe520, 0x0000000713200000| 99%| E|  |TAMS 0x0000000713000000| PB 0x0000000713000000| Complete |  0
| 119|0x0000000713200000, 0x0000000713400000, 0x0000000713400000|100%| E|CS|TAMS 0x0000000713200000| PB 0x0000000713200000| Complete |  0
| 120|0x0000000713400000, 0x0000000713600000, 0x0000000713600000|100%| E|CS|TAMS 0x0000000713400000| PB 0x0000000713400000| Complete |  0
| 121|0x0000000713600000, 0x0000000713800000, 0x0000000713800000|100%| E|CS|TAMS 0x0000000713600000| PB 0x0000000713600000| Complete |  0
| 122|0x0000000713800000, 0x0000000713a00000, 0x0000000713a00000|100%| E|CS|TAMS 0x0000000713800000| PB 0x0000000713800000| Complete |  0
| 123|0x0000000713a00000, 0x0000000713c00000, 0x0000000713c00000|100%| E|CS|TAMS 0x0000000713a00000| PB 0x0000000713a00000| Complete |  0
| 124|0x0000000713c00000, 0x0000000713e00000, 0x0000000713e00000|100%| E|CS|TAMS 0x0000000713c00000| PB 0x0000000713c00000| Complete |  0
| 125|0x0000000713e00000, 0x0000000714000000, 0x0000000714000000|100%| E|CS|TAMS 0x0000000713e00000| PB 0x0000000713e00000| Complete |  0

Card table byte_map: [0x000001c835500000,0x000001c835ce0000] _byte_map_base: 0x000001c831cde000

Marking Bits: (CMBitMap*) 0x000001c81d1c2c00
 Bits: [0x000001c835ce0000, 0x000001c839bd0000)

Polling page: 0x000001c81b090000

Metaspace:

Usage:
  Non-class:      8.33 MB used.
      Class:      1.17 MB used.
       Both:      9.50 MB used.

Virtual space:
  Non-class space:       64.00 MB reserved,       8.50 MB ( 13%) committed,  1 nodes.
      Class space:        1.00 GB reserved,       1.25 MB ( <1%) committed,  1 nodes.
             Both:        1.06 GB reserved,       9.75 MB ( <1%) committed. 

Chunk freelists:
   Non-Class:  7.36 MB
       Class:  14.62 MB
        Both:  21.98 MB

MaxMetaspaceSize: unlimited
CompressedClassSpaceSize: 1.00 GB
Initial GC threshold: 21.00 MB
Current GC threshold: 21.00 MB
CDS: on
 - commit_granule_bytes: 65536.
 - commit_granule_words: 8192.
 - virtual_space_node_default_size: 8388608.
 - enlarge_chunks_in_place: 1.
 - use_allocation_guard: 0.


Internal statistics:

num_allocs_failed_limit: 0.
num_arena_births: 252.
num_arena_deaths: 0.
num_vsnodes_births: 2.
num_vsnodes_deaths: 0.
num_space_committed: 156.
num_space_uncommitted: 0.
num_chunks_returned_to_freelist: 0.
num_chunks_taken_from_freelist: 587.
num_chunk_merges: 0.
num_chunk_splits: 340.
num_chunks_enlarged: 194.
num_inconsistent_stats: 0.

CodeHeap 'non-profiled nmethods': size=119168Kb used=665Kb max_used=665Kb free=118502Kb
 bounds [0x000001c82d030000, 0x000001c82d2a0000, 0x000001c834490000]
CodeHeap 'profiled nmethods': size=119104Kb used=3468Kb max_used=3468Kb free=115635Kb
 bounds [0x000001c825490000, 0x000001c825800000, 0x000001c82c8e0000]
CodeHeap 'non-nmethods': size=7488Kb used=3262Kb max_used=3262Kb free=4225Kb
 bounds [0x000001c82c8e0000, 0x000001c82cc20000, 0x000001c82d030000]
 total_blobs=2407 nmethods=1903 adapters=402
 compilation: enabled
              stopped_count=0, restarted_count=0
 full_count=0

Compilation events (20 events):
Event: 1.090 Thread 0x000001c87e644af0 1813       3       org.springframework.boot.context.properties.source.SoftReferenceConfigurationPropertyCache::hasExpired (60 bytes)
Event: 1.090 Thread 0x000001c87e10d430 1814       3       java.util.HashMap$KeySet::size (8 bytes)
Event: 1.090 Thread 0x000001c87e10d430 nmethod 1814 0x000001c8257c0390 code [0x000001c8257c0520, 0x000001c8257c0638]
Event: 1.090 Thread 0x000001c87e10d430 1815       3       java.util.concurrent.ConcurrentHashMap$Traverser::<init> (36 bytes)
Event: 1.090 Thread 0x000001c87e10d430 nmethod 1815 0x000001c8257c0710 code [0x000001c8257c08c0, 0x000001c8257c0ad0]
Event: 1.090 Thread 0x000001c87e644af0 nmethod 1813 0x000001c8257c0b90 code [0x000001c8257c0dc0, 0x000001c8257c1428]
Event: 1.090 Thread 0x000001c87e644af0 1816       3       org.springframework.boot.context.properties.source.SpringConfigurationPropertySources$SourcesIterator::hasNext (13 bytes)
Event: 1.090 Thread 0x000001c87e644af0 nmethod 1816 0x000001c8257c1690 code [0x000001c8257c1840, 0x000001c8257c19c8]
Event: 1.091 Thread 0x000001c87e7f3860 nmethod 1811 0x000001c8257c1a90 code [0x000001c8257c1e80, 0x000001c8257c3da0]
Event: 1.092 Thread 0x000001c83cba31c0 nmethod 1788 0x000001c8257c4790 code [0x000001c8257c4fc0, 0x000001c8257cc260]
Event: 1.093 Thread 0x000001c87e644af0 1817       3       java.lang.Math::floorDiv (30 bytes)
Event: 1.093 Thread 0x000001c87e10d430 1818       3       java.lang.Math::floorMod (28 bytes)
Event: 1.093 Thread 0x000001c87e7f3860 1819       3       java.util.concurrent.ConcurrentHashMap$KeySpliterator::forEachRemaining (35 bytes)
Event: 1.093 Thread 0x000001c87e644af0 nmethod 1817 0x000001c8257cf690 code [0x000001c8257cf840, 0x000001c8257cfa20]
Event: 1.093 Thread 0x000001c87e10d430 nmethod 1818 0x000001c8257cfb10 code [0x000001c8257cfcc0, 0x000001c8257cfe90]
Event: 1.093 Thread 0x000001c87e7f3860 nmethod 1819 0x000001c8257cff90 code [0x000001c8257d0160, 0x000001c8257d0528]
Event: 1.095 Thread 0x000001c83cba31c0 1821   !   3       jdk.internal.loader.BuiltinClassLoader$2::run (114 bytes)
Event: 1.096 Thread 0x000001c83cba31c0 nmethod 1821 0x000001c8257d0690 code [0x000001c8257d0940, 0x000001c8257d1730]
Event: 1.096 Thread 0x000001c83cba1e80 nmethod 1800 0x000001c82d0ce590 code [0x000001c82d0ce780, 0x000001c82d0cf0c8]
Event: 1.096 Thread 0x000001c83cba1e80 1820       4       java.io.WinNTFileSystem::normalize (148 bytes)

GC Heap History (2 events):
Event: 0.743 GC heap before
{Heap before GC invocations=0 (full 0):
 garbage-first heap   total reserved 4124672K, committed 258048K, used 22528K [0x0000000704400000, 0x0000000800000000)
  region size 2048K, 12 young (24576K), 0 survivors (0K)
 Metaspace       used 5143K, committed 5440K, reserved 1114112K
  class space    used 579K, committed 704K, reserved 1048576K
}
Event: 0.747 GC heap after
{Heap after GC invocations=1 (full 0):
 garbage-first heap   total reserved 4124672K, committed 258048K, used 6663K [0x0000000704400000, 0x0000000800000000)
  region size 2048K, 2 young (4096K), 2 survivors (4096K)
 Metaspace       used 5143K, committed 5440K, reserved 1114112K
  class space    used 579K, committed 704K, reserved 1048576K
}

Dll operation events (12 events):
Event: 0.013 Loaded shared library C:\Users\ASUS\.jdks\openjdk-22.0.1\bin\java.dll
Event: 0.046 Loaded shared library C:\Users\ASUS\.jdks\openjdk-22.0.1\bin\jsvml.dll
Event: 0.112 Loaded shared library C:\Users\ASUS\.jdks\openjdk-22.0.1\bin\zip.dll
Event: 0.116 Loaded shared library C:\Users\ASUS\.jdks\openjdk-22.0.1\bin\instrument.dll
Event: 0.121 Loaded shared library C:\Users\ASUS\.jdks\openjdk-22.0.1\bin\net.dll
Event: 0.122 Loaded shared library C:\Users\ASUS\.jdks\openjdk-22.0.1\bin\nio.dll
Event: 0.125 Loaded shared library C:\Users\ASUS\.jdks\openjdk-22.0.1\bin\zip.dll
Event: 0.291 Loaded shared library C:\Program Files\JetBrains\IntelliJ IDEA Community Edition 2024.1.1\bin\breakgen64.dll
Event: 0.299 Loaded shared library C:\Users\ASUS\.jdks\openjdk-22.0.1\bin\extnet.dll
Event: 0.342 Loaded shared library C:\Users\ASUS\.jdks\openjdk-22.0.1\bin\jimage.dll
Event: 0.653 Loaded shared library C:\Users\ASUS\.jdks\openjdk-22.0.1\bin\management.dll
Event: 0.655 Loaded shared library C:\Users\ASUS\.jdks\openjdk-22.0.1\bin\management_ext.dll

Deoptimization events (20 events):
Event: 1.056 Thread 0x000001c87e9fe560 Uncommon trap: trap_request=0xffffffc6 fr.pc=0x000001c82d0b7374 relative=0x0000000000000374
Event: 1.056 Thread 0x000001c87e9fe560 Uncommon trap: reason=bimorphic_or_optimized_type_check action=maybe_recompile pc=0x000001c82d0b7374 method=java.util.HashMap.getNode(Ljava/lang/Object;)Ljava/util/HashMap$Node; @ 63 c2
Event: 1.056 Thread 0x000001c87e9fe560 DEOPT PACKING pc=0x000001c82d0b7374 sp=0x0000005dcf7fe3b0
Event: 1.056 Thread 0x000001c87e9fe560 DEOPT UNPACKING pc=0x000001c82c937da2 sp=0x0000005dcf7fe328 mode 2
Event: 1.061 Thread 0x000001c87e9fe560 Uncommon trap: trap_request=0xffffffc6 fr.pc=0x000001c82d0b7374 relative=0x0000000000000374
Event: 1.061 Thread 0x000001c87e9fe560 Uncommon trap: reason=bimorphic_or_optimized_type_check action=maybe_recompile pc=0x000001c82d0b7374 method=java.util.HashMap.getNode(Ljava/lang/Object;)Ljava/util/HashMap$Node; @ 63 c2
Event: 1.061 Thread 0x000001c87e9fe560 DEOPT PACKING pc=0x000001c82d0b7374 sp=0x0000005dcf7fe3b0
Event: 1.061 Thread 0x000001c87e9fe560 DEOPT UNPACKING pc=0x000001c82c937da2 sp=0x0000005dcf7fe328 mode 2
Event: 1.096 Thread 0x000001c87e9fe560 Uncommon trap: trap_request=0xffffff54 fr.pc=0x000001c82d0afecc relative=0x0000000000000dec
Event: 1.096 Thread 0x000001c87e9fe560 Uncommon trap: reason=speculate_null_assert action=make_not_entrant pc=0x000001c82d0afecc method=java.util.jar.JarFile.getVersionedEntry(Ljava/lang/String;Ljava/util/jar/JarEntry;)Ljava/util/jar/JarEntry; @ 115 c2
Event: 1.096 Thread 0x000001c87e9fe560 DEOPT PACKING pc=0x000001c82d0afecc sp=0x0000005dcf7fd290
Event: 1.096 Thread 0x000001c87e9fe560 DEOPT UNPACKING pc=0x000001c82c937da2 sp=0x0000005dcf7fd298 mode 2
Event: 1.096 Thread 0x000001c87e9fe560 Uncommon trap: trap_request=0xffffff45 fr.pc=0x000001c82d087d80 relative=0x0000000000000d20
Event: 1.096 Thread 0x000001c87e9fe560 Uncommon trap: reason=unstable_if action=reinterpret pc=0x000001c82d087d80 method=java.util.jar.JarFile.getEntry(Ljava/lang/String;)Ljava/util/zip/ZipEntry; @ 15 c2
Event: 1.096 Thread 0x000001c87e9fe560 DEOPT PACKING pc=0x000001c82d087d80 sp=0x0000005dcf7fd360
Event: 1.096 Thread 0x000001c87e9fe560 DEOPT UNPACKING pc=0x000001c82c937da2 sp=0x0000005dcf7fd298 mode 2
Event: 1.097 Thread 0x000001c87e9fe560 Uncommon trap: trap_request=0xffffff45 fr.pc=0x000001c82d083b28 relative=0x0000000000000c68
Event: 1.097 Thread 0x000001c87e9fe560 Uncommon trap: reason=unstable_if action=reinterpret pc=0x000001c82d083b28 method=java.util.jar.JarFile.getEntry(Ljava/lang/String;)Ljava/util/zip/ZipEntry; @ 15 c2
Event: 1.097 Thread 0x000001c87e9fe560 DEOPT PACKING pc=0x000001c82d083b28 sp=0x0000005dcf7fcbd0
Event: 1.097 Thread 0x000001c87e9fe560 DEOPT UNPACKING pc=0x000001c82c937da2 sp=0x0000005dcf7fcbc8 mode 2

Classes loaded (20 events):
Event: 1.085 Loading class java/util/concurrent/LinkedTransferQueue done
Event: 1.085 Loading class java/util/concurrent/SynchronousQueue$Transferer done
Event: 1.085 Loading class java/util/concurrent/LinkedTransferQueue$DualNode
Event: 1.086 Loading class java/util/concurrent/LinkedTransferQueue$DualNode done
Event: 1.097 Loading class java/util/concurrent/ScheduledExecutorService
Event: 1.097 Loading class java/util/concurrent/ScheduledExecutorService done
Event: 1.097 Loading class java/lang/ThreadBuilders$VirtualThreadBuilder
Event: 1.097 Loading class java/lang/Thread$Builder$OfVirtual
Event: 1.098 Loading class java/lang/Thread$Builder
Event: 1.098 Loading class java/lang/Thread$Builder done
Event: 1.098 Loading class java/lang/Thread$Builder$OfVirtual done
Event: 1.098 Loading class java/lang/ThreadBuilders$BaseThreadBuilder
Event: 1.098 Loading class java/lang/ThreadBuilders$BaseThreadBuilder done
Event: 1.098 Loading class java/lang/ThreadBuilders$VirtualThreadBuilder done
Event: 1.098 Loading class java/lang/ThreadBuilders
Event: 1.098 Loading class java/lang/ThreadBuilders done
Event: 1.098 Loading class java/lang/ThreadBuilders$VirtualThreadFactory
Event: 1.098 Loading class java/lang/ThreadBuilders$BaseThreadFactory
Event: 1.098 Loading class java/lang/ThreadBuilders$BaseThreadFactory done
Event: 1.098 Loading class java/lang/ThreadBuilders$VirtualThreadFactory done

Classes unloaded (0 events):
No events

Classes redefined (0 events):
No events

Internal exceptions (20 events):
Event: 0.936 Thread 0x000001c87e9fe560 Exception <a 'java/lang/NoSuchMethodError'{0x000000071393d1e0}: 'java.lang.Object java.lang.invoke.DirectMethodHandle$Holder.newInvokeSpecial(java.lang.Object, java.lang.Object, java.lang.Object, java.lang.Object, java.lang.Object, java.lang.Object, java.lang.Object)'> (0x000000071393d1e0) 
thrown [s\open\src\hotspot\share\interpreter\linkResolver.cpp, line 774]
Event: 0.939 Thread 0x000001c87e9fe560 Exception <a 'java/lang/NoSuchMethodError'{0x00000007139550d8}: 'void java.lang.invoke.DirectMethodHandle$Holder.invokeStaticInit(java.lang.Object, java.lang.Object)'> (0x00000007139550d8) 
thrown [s\open\src\hotspot\share\interpreter\linkResolver.cpp, line 774]
Event: 0.946 Thread 0x000001c87e9fe560 Exception <a 'java/lang/NoSuchMethodError'{0x00000007139cc670}: 'int java.lang.invoke.DirectMethodHandle$Holder.invokeStatic(java.lang.Object, java.lang.Object, java.lang.Object, java.lang.Object)'> (0x00000007139cc670) 
thrown [s\open\src\hotspot\share\interpreter\linkResolver.cpp, line 774]
Event: 0.946 Thread 0x000001c87e9fe560 Exception <a 'java/lang/NoSuchMethodError'{0x00000007139cfd30}: 'java.lang.Object java.lang.invoke.Invokers$Holder.invokeExact_MT(java.lang.Object, java.lang.Object, java.lang.Object, java.lang.Object, java.lang.Object, java.lang.Object)'> (0x00000007139cfd30) 
thrown [s\open\src\hotspot\share\interpreter\linkResolver.cpp, line 774]
Event: 0.960 Thread 0x000001c87e9fe560 Exception <a 'java/lang/NoSuchMethodError'{0x0000000713635188}: 'java.lang.Object java.lang.invoke.DirectMethodHandle$Holder.invokeSpecial(java.lang.Object, java.lang.Object, java.lang.Object, java.lang.Object, java.lang.Object, java.lang.Object, int)'> (0x0000000713635188) 
thrown [s\open\src\hotspot\share\interpreter\linkResolver.cpp, line 774]
Event: 0.961 Thread 0x000001c87e9fe560 Exception <a 'java/lang/NoSuchMethodError'{0x000000071363eae8}: 'java.lang.Object java.lang.invoke.DirectMethodHandle$Holder.newInvokeSpecial(java.lang.Object, java.lang.Object, java.lang.Object, java.lang.Object, java.lang.Object, java.lang.Object, int)'> (0x000000071363eae8) 
thrown [s\open\src\hotspot\share\interpreter\linkResolver.cpp, line 774]
Event: 0.961 Thread 0x000001c87e9fe560 Exception <a 'java/lang/NoSuchMethodError'{0x0000000713643178}: 'java.lang.Object java.lang.invoke.DirectMethodHandle$Holder.invokeSpecial(java.lang.Object, java.lang.Object, java.lang.Object, java.lang.Object, java.lang.Object, java.lang.Object, java.lang.Object, int)'> (0x0000000713643178) 
thrown [s\open\src\hotspot\share\interpreter\linkResolver.cpp, line 774]
Event: 0.994 Thread 0x000001c87e9fe560 Exception <a 'java/lang/NoSuchMethodError'{0x0000000713762d98}: 'int java.lang.invoke.DirectMethodHandle$Holder.invokeInterface(java.lang.Object, java.lang.Object)'> (0x0000000713762d98) 
thrown [s\open\src\hotspot\share\interpreter\linkResolver.cpp, line 774]
Event: 0.998 Thread 0x000001c87e9fe560 Exception <a 'java/lang/NoSuchMethodError'{0x0000000713784ab0}: 'void java.lang.invoke.DirectMethodHandle$Holder.invokeSpecial(java.lang.Object, java.lang.Object, java.lang.Object, java.lang.Object, java.lang.Object)'> (0x0000000713784ab0) 
thrown [s\open\src\hotspot\share\interpreter\linkResolver.cpp, line 774]
Event: 1.027 Thread 0x000001c87e9fe560 Exception <a 'java/lang/NoSuchMethodError'{0x000000071345bcc8}: 'java.lang.Object java.lang.invoke.DirectMethodHandle$Holder.invokeSpecial(java.lang.Object, java.lang.Object, java.lang.Object, int, java.lang.Object)'> (0x000000071345bcc8) 
thrown [s\open\src\hotspot\share\interpreter\linkResolver.cpp, line 774]
Event: 1.028 Thread 0x000001c87e9fe560 Exception <a 'java/lang/NoSuchMethodError'{0x0000000713463788}: 'java.lang.Object java.lang.invoke.DirectMethodHandle$Holder.newInvokeSpecial(java.lang.Object, java.lang.Object, java.lang.Object, int, java.lang.Object)'> (0x0000000713463788) 
thrown [s\open\src\hotspot\share\interpreter\linkResolver.cpp, line 774]
Event: 1.029 Thread 0x000001c87e9fe560 Exception <a 'java/lang/NoSuchMethodError'{0x000000071346af80}: 'java.lang.Object java.lang.invoke.Invokers$Holder.linkToTargetMethod(java.lang.Object, java.lang.Object, int, java.lang.Object, java.lang.Object)'> (0x000000071346af80) 
thrown [s\open\src\hotspot\share\interpreter\linkResolver.cpp, line 774]
Event: 1.030 Thread 0x000001c87e9fe560 Exception <a 'java/lang/NoSuchMethodError'{0x0000000713479040}: 'java.lang.Object java.lang.invoke.DirectMethodHandle$Holder.newInvokeSpecial(java.lang.Object, int, java.lang.Object)'> (0x0000000713479040) 
thrown [s\open\src\hotspot\share\interpreter\linkResolver.cpp, line 774]
Event: 1.030 Thread 0x000001c87e9fe560 Exception <a 'java/lang/NoSuchMethodError'{0x000000071347dbb0}: 'int java.lang.invoke.DirectMethodHandle$Holder.invokeSpecialIFC(java.lang.Object, java.lang.Object, java.lang.Object, java.lang.Object)'> (0x000000071347dbb0) 
thrown [s\open\src\hotspot\share\interpreter\linkResolver.cpp, line 774]
Event: 1.049 Thread 0x000001c87e9fe560 Exception <a 'java/lang/NoSuchMethodError'{0x00000007135534c8}: 'void java.lang.invoke.DirectMethodHandle$Holder.invokeInterface(java.lang.Object, java.lang.Object, java.lang.Object)'> (0x00000007135534c8) 
thrown [s\open\src\hotspot\share\interpreter\linkResolver.cpp, line 774]
Event: 1.073 Thread 0x000001c87e9fe560 Exception <a 'java/lang/NoSuchMethodError'{0x00000007135f3740}: 'void java.lang.invoke.DirectMethodHandle$Holder.invokeStaticInit(java.lang.Object, java.lang.Object, java.lang.Object)'> (0x00000007135f3740) 
thrown [s\open\src\hotspot\share\interpreter\linkResolver.cpp, line 774]
Event: 1.080 Thread 0x000001c87e9fe560 Exception <a 'java/lang/NoSuchMethodError'{0x0000000713239018}: 'java.lang.Object java.lang.invoke.DirectMethodHandle$Holder.invokeVirtual(java.lang.Object, java.lang.Object, java.lang.Object)'> (0x0000000713239018) 
thrown [s\open\src\hotspot\share\interpreter\linkResolver.cpp, line 774]
Event: 1.084 Thread 0x000001c87e9fe560 Exception <a 'java/lang/NoSuchMethodError'{0x0000000713258bb0}: 'java.lang.Object java.lang.invoke.DirectMethodHandle$Holder.invokeStatic(java.lang.Object, long, java.lang.Object)'> (0x0000000713258bb0) 
thrown [s\open\src\hotspot\share\interpreter\linkResolver.cpp, line 774]
Event: 1.084 Thread 0x000001c87e9fe560 Exception <a 'java/lang/NoSuchMethodError'{0x000000071325c238}: 'java.lang.Object java.lang.invoke.DirectMethodHandle$Holder.invokeStaticInit(java.lang.Object, long, java.lang.Object)'> (0x000000071325c238) 
thrown [s\open\src\hotspot\share\interpreter\linkResolver.cpp, line 774]
Event: 1.084 Thread 0x000001c87e9fe560 Exception <a 'java/lang/NoSuchMethodError'{0x0000000713261ac0}: 'java.lang.Object java.lang.invoke.DirectMethodHandle$Holder.newInvokeSpecial(java.lang.Object, long)'> (0x0000000713261ac0) 
thrown [s\open\src\hotspot\share\interpreter\linkResolver.cpp, line 774]

ZGC Phase Switch (0 events):
No events

VM Operations (17 events):
Event: 0.101 Executing VM operation: HandshakeAllThreads (Deoptimize)
Event: 0.101 Executing VM operation: HandshakeAllThreads (Deoptimize) done
Event: 0.340 Executing VM operation: HandshakeAllThreads (Deoptimize)
Event: 0.340 Executing VM operation: HandshakeAllThreads (Deoptimize) done
Event: 0.345 Executing VM operation: HandshakeAllThreads (Deoptimize)
Event: 0.345 Executing VM operation: HandshakeAllThreads (Deoptimize) done
Event: 0.613 Executing VM operation: HandshakeAllThreads (Deoptimize)
Event: 0.613 Executing VM operation: HandshakeAllThreads (Deoptimize) done
Event: 0.614 Executing VM operation: HandshakeAllThreads (Deoptimize)
Event: 0.614 Executing VM operation: HandshakeAllThreads (Deoptimize) done
Event: 0.742 Executing VM operation: G1CollectForAllocation (G1 Evacuation Pause)
Event: 0.747 Executing VM operation: G1CollectForAllocation (G1 Evacuation Pause) done
Event: 0.793 Executing VM operation: HandshakeAllThreads (Deoptimize)
Event: 0.793 Executing VM operation: HandshakeAllThreads (Deoptimize) done
Event: 1.006 Executing VM operation: HandshakeAllThreads (Deoptimize)
Event: 1.006 Executing VM operation: HandshakeAllThreads (Deoptimize) done
Event: 1.098 Executing VM operation: ICBufferFull

Events (18 events):
Event: 0.030 Thread 0x000001c81d159ca0 Thread added: 0x000001c81d159ca0
Event: 0.044 Thread 0x000001c83cb882e0 Thread added: 0x000001c83cb882e0
Event: 0.044 Thread 0x000001c83cb892f0 Thread added: 0x000001c83cb892f0
Event: 0.044 Thread 0x000001c83cb95e00 Thread added: 0x000001c83cb95e00
Event: 0.044 Thread 0x000001c83cb98dc0 Thread added: 0x000001c83cb98dc0
Event: 0.044 Thread 0x000001c83cb9a0b0 Thread added: 0x000001c83cb9a0b0
Event: 0.044 Thread 0x000001c83cb9c3b0 Thread added: 0x000001c83cb9c3b0
Event: 0.044 Thread 0x000001c83cba1e80 Thread added: 0x000001c83cba1e80
Event: 0.044 Thread 0x000001c83cba31c0 Thread added: 0x000001c83cba31c0
Event: 0.096 Thread 0x000001c87e106da0 Thread added: 0x000001c87e106da0
Event: 0.096 Thread 0x000001c87e10d430 Thread added: 0x000001c87e10d430
Event: 0.146 Thread 0x000001c87e1b9e00 Thread added: 0x000001c87e1b9e00
Event: 0.291 Thread 0x000001c87e610ff0 Thread added: 0x000001c87e610ff0
Event: 0.291 Thread 0x000001c87e611660 Thread added: 0x000001c87e611660
Event: 0.439 Thread 0x000001c87e7f3860 Thread added: 0x000001c87e7f3860
Event: 0.439 Thread 0x000001c87e644af0 Thread added: 0x000001c87e644af0
Event: 0.713 Thread 0x000001c87e9fda70 Thread added: 0x000001c87e9fda70
Event: 0.715 Thread 0x000001c87e9fe560 Thread added: 0x000001c87e9fe560


Dynamic libraries:
0x00007ff6ec2a0000 - 0x00007ff6ec2ae000 	C:\Users\ASUS\.jdks\openjdk-22.0.1\bin\java.exe
0x00007ffc1c190000 - 0x00007ffc1c3a7000 	C:\WINDOWS\SYSTEM32\ntdll.dll
0x00007ffc1b960000 - 0x00007ffc1ba24000 	C:\WINDOWS\System32\KERNEL32.DLL
0x00007ffc19870000 - 0x00007ffc19c1d000 	C:\WINDOWS\System32\KERNELBASE.dll
0x00007ffc19d80000 - 0x00007ffc19e91000 	C:\WINDOWS\System32\ucrtbase.dll
0x00007ffbf5080000 - 0x00007ffbf509b000 	C:\Users\ASUS\.jdks\openjdk-22.0.1\bin\VCRUNTIME140.dll
0x00007ffbf5060000 - 0x00007ffbf5077000 	C:\Users\ASUS\.jdks\openjdk-22.0.1\bin\jli.dll
0x00007ffc1a110000 - 0x00007ffc1a2be000 	C:\WINDOWS\System32\USER32.dll
0x00007ffc19c90000 - 0x00007ffc19cb6000 	C:\WINDOWS\System32\win32u.dll
0x00007ffc01160000 - 0x00007ffc013f3000 	C:\WINDOWS\WinSxS\amd64_microsoft.windows.common-controls_6595b64144ccf1df_6.0.22621.3672_none_2713b9d173822955\COMCTL32.dll
0x00007ffc1b930000 - 0x00007ffc1b959000 	C:\WINDOWS\System32\GDI32.dll
0x00007ffc19f60000 - 0x00007ffc1a007000 	C:\WINDOWS\System32\msvcrt.dll
0x00007ffc194c0000 - 0x00007ffc195d9000 	C:\WINDOWS\System32\gdi32full.dll
0x00007ffc19660000 - 0x00007ffc196fa000 	C:\WINDOWS\System32\msvcp_win.dll
0x00007ffc1bc70000 - 0x00007ffc1bca1000 	C:\WINDOWS\System32\IMM32.DLL
0x00007ffbf5050000 - 0x00007ffbf505c000 	C:\Users\ASUS\.jdks\openjdk-22.0.1\bin\vcruntime140_1.dll
0x00007ffba2c70000 - 0x00007ffba2cfe000 	C:\Users\ASUS\.jdks\openjdk-22.0.1\bin\msvcp140.dll
0x00007ffba1670000 - 0x00007ffba23b7000 	C:\Users\ASUS\.jdks\openjdk-22.0.1\bin\server\jvm.dll
0x00007ffc1b010000 - 0x00007ffc1b0c2000 	C:\WINDOWS\System32\ADVAPI32.dll
0x00007ffc1ac10000 - 0x00007ffc1acb9000 	C:\WINDOWS\System32\sechost.dll
0x00007ffc19ea0000 - 0x00007ffc19ec8000 	C:\WINDOWS\System32\bcrypt.dll
0x00007ffc1baf0000 - 0x00007ffc1bc04000 	C:\WINDOWS\System32\RPCRT4.dll
0x00007ffc1af80000 - 0x00007ffc1aff1000 	C:\WINDOWS\System32\WS2_32.dll
0x00007ffc18350000 - 0x00007ffc1839d000 	C:\WINDOWS\SYSTEM32\POWRPROF.dll
0x00007ffc10950000 - 0x00007ffc10984000 	C:\WINDOWS\SYSTEM32\WINMM.dll
0x00007ffc0fb50000 - 0x00007ffc0fb5a000 	C:\WINDOWS\SYSTEM32\VERSION.dll
0x00007ffc18330000 - 0x00007ffc18343000 	C:\WINDOWS\SYSTEM32\UMPDC.dll
0x00007ffc185e0000 - 0x00007ffc185f8000 	C:\WINDOWS\SYSTEM32\kernel.appcore.dll
0x00007ffbe66b0000 - 0x00007ffbe66ba000 	C:\Users\ASUS\.jdks\openjdk-22.0.1\bin\jimage.dll
0x00007ffc16df0000 - 0x00007ffc17022000 	C:\WINDOWS\SYSTEM32\DBGHELP.DLL
0x00007ffc1a2d0000 - 0x00007ffc1a658000 	C:\WINDOWS\System32\combase.dll
0x00007ffc1a030000 - 0x00007ffc1a107000 	C:\WINDOWS\System32\OLEAUT32.dll
0x00007ffc0d750000 - 0x00007ffc0d782000 	C:\WINDOWS\SYSTEM32\dbgcore.DLL
0x00007ffc195e0000 - 0x00007ffc1965b000 	C:\WINDOWS\System32\bcryptPrimitives.dll
0x00007ffc13870000 - 0x00007ffc1387f000 	C:\Users\ASUS\.jdks\openjdk-22.0.1\bin\instrument.dll
0x00007ffbbebe0000 - 0x00007ffbbebfe000 	C:\Users\ASUS\.jdks\openjdk-22.0.1\bin\java.dll
0x00007ffc1b0d0000 - 0x00007ffc1b92f000 	C:\WINDOWS\System32\SHELL32.dll
0x00007ffc1bcc0000 - 0x00007ffc1be65000 	C:\WINDOWS\System32\ole32.dll
0x00007ffc173e0000 - 0x00007ffc17cdc000 	C:\WINDOWS\SYSTEM32\windows.storage.dll
0x00007ffc172a0000 - 0x00007ffc173df000 	C:\WINDOWS\SYSTEM32\wintypes.dll
0x00007ffc1ab10000 - 0x00007ffc1ac04000 	C:\WINDOWS\System32\SHCORE.dll
0x00007ffc1ba30000 - 0x00007ffc1ba8e000 	C:\WINDOWS\System32\shlwapi.dll
0x00007ffc193f0000 - 0x00007ffc19411000 	C:\WINDOWS\SYSTEM32\profapi.dll
0x00007ffba26c0000 - 0x00007ffba2797000 	C:\Users\ASUS\.jdks\openjdk-22.0.1\bin\jsvml.dll
0x00007ffbad550000 - 0x00007ffbad567000 	C:\Users\ASUS\.jdks\openjdk-22.0.1\bin\zip.dll
0x00007ffbd6b10000 - 0x00007ffbd6b20000 	C:\Users\ASUS\.jdks\openjdk-22.0.1\bin\net.dll
0x00007ffc18a50000 - 0x00007ffc18ab9000 	C:\WINDOWS\system32\mswsock.dll
0x00007ffbaeb80000 - 0x00007ffbaeb96000 	C:\Users\ASUS\.jdks\openjdk-22.0.1\bin\nio.dll
0x00007ffb98be0000 - 0x00007ffb98bfa000 	C:\Program Files\JetBrains\IntelliJ IDEA Community Edition 2024.1.1\bin\breakgen64.dll
0x00007ffba2c40000 - 0x00007ffba2c49000 	C:\Users\ASUS\.jdks\openjdk-22.0.1\bin\extnet.dll
0x00007ffbad520000 - 0x00007ffbad52a000 	C:\Users\ASUS\.jdks\openjdk-22.0.1\bin\management.dll
0x00007ffba2c60000 - 0x00007ffba2c6b000 	C:\Users\ASUS\.jdks\openjdk-22.0.1\bin\management_ext.dll
0x00007ffc1bcb0000 - 0x00007ffc1bcb8000 	C:\WINDOWS\System32\PSAPI.DLL
0x00007ffc11750000 - 0x00007ffc1175b000 	C:\Users\ASUS\.jdks\openjdk-22.0.1\bin\le.dll

dbghelp: loaded successfully - version: 4.0.5 - missing functions: none
symbol engine: initialized successfully - sym options: 0x614 - pdb path: .;C:\Users\ASUS\.jdks\openjdk-22.0.1\bin;C:\WINDOWS\SYSTEM32;C:\WINDOWS\WinSxS\amd64_microsoft.windows.common-controls_6595b64144ccf1df_6.0.22621.3672_none_2713b9d173822955;C:\Users\ASUS\.jdks\openjdk-22.0.1\bin\server;C:\Program Files\JetBrains\IntelliJ IDEA Community Edition 2024.1.1\bin

VM Arguments:
jvm_args: -javaagent:C:\Program Files\JetBrains\IntelliJ IDEA Community Edition 2024.1.1\lib\idea_rt.jar=14129:C:\Program Files\JetBrains\IntelliJ IDEA Community Edition 2024.1.1\bin -Dfile.encoding=UTF-8 -Dsun.stdout.encoding=UTF-8 -Dsun.stderr.encoding=UTF-8 
java_command: com.thahawuru_police.application.Application
java_class_path (initial): D:\THAHAWURU\thahawuru-police\police-server\target\classes;C:\Users\ASUS\.m2\repository\org\springframework\boot\spring-boot-starter-data-jpa\3.3.2\spring-boot-starter-data-jpa-3.3.2.jar;C:\Users\ASUS\.m2\repository\org\springframework\boot\spring-boot-starter-aop\3.3.2\spring-boot-starter-aop-3.3.2.jar;C:\Users\ASUS\.m2\repository\org\aspectj\aspectjweaver\1.9.22.1\aspectjweaver-1.9.22.1.jar;C:\Users\ASUS\.m2\repository\org\springframework\boot\spring-boot-starter-jdbc\3.3.2\spring-boot-starter-jdbc-3.3.2.jar;C:\Users\ASUS\.m2\repository\com\zaxxer\HikariCP\5.1.0\HikariCP-5.1.0.jar;C:\Users\ASUS\.m2\repository\org\springframework\spring-jdbc\6.1.11\spring-jdbc-6.1.11.jar;C:\Users\ASUS\.m2\repository\org\hibernate\orm\hibernate-core\6.5.2.Final\hibernate-core-6.5.2.Final.jar;C:\Users\ASUS\.m2\repository\jakarta\persistence\jakarta.persistence-api\3.1.0\jakarta.persistence-api-3.1.0.jar;C:\Users\ASUS\.m2\repository\jakarta\transaction\jakarta.transaction-api\2.0.1\jakarta.transaction-api-2.0.1.jar;C:\Users\ASUS\.m2\repository\org\jboss\logging\jboss-logging\3.5.3.Final\jboss-logging-3.5.3.Final.jar;C:\Users\ASUS\.m2\repository\org\hibernate\common\hibernate-commons-annotations\6.0.6.Final\hibernate-commons-annotations-6.0.6.Final.jar;C:\Users\ASUS\.m2\repository\io\smallrye\jandex\3.1.2\jandex-3.1.2.jar;C:\Users\ASUS\.m2\repository\com\fasterxml\classmate\1.7.0\classmate-1.7.0.jar;C:\Users\ASUS\.m2\repository\net\bytebuddy\byte-buddy\1.14.18\byte-buddy-1.14.18.jar;C:\Users\ASUS\.m2\repository\org\glassfish\jaxb\jaxb-runtime\4.0.5\jaxb-runtime-4.0.5.jar;C:\Users\ASUS\.m2\repository\org\glassfish\jaxb\jaxb-core\4.0.5\jaxb-core-4.0.5.jar;C:\Users\ASUS\.m2\repository\org\eclipse\angus\angus-activation\2.0.2\angus-activation-2.0.2.jar;C:\Users\ASUS\.m2\repository\org\glassfish\jaxb\txw2\4.0.5\txw2-4.0.5.jar;C:\Users\ASUS\.m2\repository\com\sun\istack\istack-commons-runtime\4.1.2\istack-commons-runtime-4.1.2.jar;C:\Users\ASUS\.m2\repository\jakarta\inject\jakarta.inject-api\2.0.1\jakarta.inject-api-2.0.1.jar;C:\Users\ASUS\.m2\repository\org\antlr\antlr4-runtime\4.13.0\antlr4-runtime-4.13.0.jar;C:\Users\ASUS\.m2\repository\org\springframework\data\spring-data-jpa\3.3.2\spring-data-jpa-3.3.2.jar;C:\Users\ASUS\.m2\repository\org\springframework\data\spring-data-commons\3.3.2\spring-data-commons-3.3.2.jar;C:\Users\ASUS\.m2\repository\org\springframework\spring-orm\6.1.11\spring-orm-6.1.11.jar;C:\Users\ASUS\.m2\repository\org\springframework\spring-context\6.1.11\spring-context-6.1.11.jar;C:\Users\ASUS\.m2\repository\org\springframework\spring-tx\6.1.11\spring-tx-6.1.11.jar;C:\Users\ASUS\.m2\repository\org\springframework\spring-beans\6.1.11\spring-beans-6.1.11.jar;C:\Users\ASUS\.m2\repository\jakarta\annotation\jakarta.annotation-api\2.1.1\jakarta.annotation-api-2.1.1.jar;C:\Users\ASUS\.m2\repository\org\slf4j\slf4j-api\2.0.13\slf4j-api-2.0.13.jar;C:\Users\ASUS\.m2\repository\org\springframework\spring-aspects\6.1.11\spring-aspects-6.1.11.jar;C:\Users\ASUS\.m2\repository\org\springframework\boot\spring-boot-starter-security\3.3.2\spring-boot-starter-security-3.3.2.jar;C:\Users\ASUS\.m2\repository\org\springframework\boot\spring-boot-starter\3.3.2\spring-boot-starter-3.3.2.jar;C:\Users\ASUS\.m2\repository\org\springframework\boot\spring-boot-starter-logging\3.3.2\spring-boot-starter-logging-3.3.2.jar;C:\Users\ASUS\.m2\repository\ch\qos\logback\logback-classic\1.5.6\logback-classic-1.5.6.jar;C:\Users\ASUS\.m2\repository\ch\qos\logback\logback-core\1.5.6\logback-core-1.5.6.jar;C:\Users\ASUS\.m2\repository\org\apache\logging\log4j\log4j-to-slf4j\2.23.1\log4j-to-slf4j-2.23.1.jar;C:\Users\ASUS\.m2\repository\org\apache\logging\log4j\log4j-api\2.23.1\log4j-api-2.23.1.jar;C:\Users\ASUS\.m2\repository\org\slf4j\jul-to-slf4j\2.0.13\jul-to-slf4j-2.0.13.jar;C:\Users\ASUS\.m2\repository\org\yaml\snakeyaml\2.2\snakeyaml-2.2.jar;C:\Users\ASUS\.m2\repository\org\springframework\spring-aop\6.1.11\spring-aop-6.1.11.jar;C:\Users\ASUS\.m2\repository\org\springframework\security\spring-security-config\6.3.1\spring-security-config-6.3.1.jar;C:\Users\ASUS\.m2\repository\org\springframework\security\spring-security-web\6.3.1\spring-security-web-6.3.1.jar;C:\Users\ASUS\.m2\repository\org\springframework\spring-expression\6.1.11\spring-expression-6.1.11.jar;C:\Users\ASUS\.m2\repository\org\postgresql\postgresql\42.7.3\postgresql-42.7.3.jar;C:\Users\ASUS\.m2\repository\org\checkerframework\checker-qual\3.42.0\checker-qual-3.42.0.jar;C:\Users\ASUS\.m2\repository\org\springframework\boot\spring-boot-starter-validation\3.3.2\spring-boot-starter-validation-3.3.2.jar;C:\Users\ASUS\.m2\repository\org\apache\tomcat\embed\tomcat-embed-el\10.1.26\tomcat-embed-el-10.1.26.jar;C:\Users\ASUS\.m2\repository\org\hibernate\validator\hibernate-validator\8.0.1.Final\hibernate-validator-8.0.1.Final.jar;C:\Users\ASUS\.m2\repository\jakarta\validation\jakarta.validation-api\3.0.2\jakarta.validation-api-3.0.2.jar;C:\Users\ASUS\.m2\repository\org\springframework\boot\spring-boot-starter-web\3.3.2\spring-boot-starter-web-3.3.2.jar;C:\Users\ASUS\.m2\repository\org\springframework\boot\spring-boot-starter-json\3.3.2\spring-boot-starter-json-3.3.2.jar;C:\Users\ASUS\.m2\repository\com\fasterxml\jackson\datatype\jackson-datatype-jdk8\2.17.2\jackson-datatype-jdk8-2.17.2.jar;C:\Users\ASUS\.m2\repository\com\fasterxml\jackson\datatype\jackson-datatype-jsr310\2.17.2\jackson-datatype-jsr310-2.17.2.jar;C:\Users\ASUS\.m2\repository\com\fasterxml\jackson\module\jackson-module-parameter-names\2.17.2\jackson-module-parameter-names-2.17.2.jar;C:\Users\ASUS\.m2\repository\org\springframework\boot\spring-boot-starter-tomcat\3.3.2\spring-boot-starter-tomcat-3.3.2.jar;C:\Users\ASUS\.m2\repository\org\apache\tomcat\embed\tomcat-embed-core\10.1.26\tomcat-embed-core-10.1.26.jar;C:\Users\ASUS\.m2\repository\org\apache\tomcat\embed\tomcat-embed-websocket\10.1.26\tomcat-embed-websocket-10.1.26.jar;C:\Users\ASUS\.m2\repository\org\springframework\spring-web\6.1.11\spring-web-6.1.11.jar;C:\Users\ASUS\.m2\repository\io\micrometer\micrometer-observation\1.13.2\micrometer-observation-1.13.2.jar;C:\Users\ASUS\.m2\repository\io\micrometer\micrometer-commons\1.13.2\micrometer-commons-1.13.2.jar;C:\Users\ASUS\.m2\repository\org\springframework\spring-webmvc\6.1.11\spring-webmvc-6.1.11.jar;C:\Users\ASUS\.m2\repository\org\springframework\boot\spring-boot-devtools\3.3.2\spring-boot-devtools-3.3.2.jar;C:\Users\ASUS\.m2\repository\org\springframework\boot\spring-boot\3.3.2\spring-boot-3.3.2.jar;C:\Users\ASUS\.m2\repository\org\springframework\boot\spring-boot-autoconfigure\3.3.2\spring-boot-autoconfigure-3.3.2.jar;C:\Users\ASUS\.m2\repository\org\projectlombok\lombok\1.18.34\lombok-1.18.34.jar;C:\Users\ASUS\.m2\repository\jakarta\xml\bind\jakarta.xml.bind-api\4.0.2\jakarta.xml.bind-api-4.0.2.jar;C:\Users\ASUS\.m2\repository\jakarta\activation\jakarta.activation-api\2.1.3\jakarta.activation-api-2.1.3.jar;C:\Users\ASUS\.m2\repository\org\springframework\spring-core\6.1.11\spring-core-6.1.11.jar;C:\Users\ASUS\.m2\repository\org\springframework\spring-jcl\6.1.11\spring-jcl-6.1.11.jar;C:\Users\ASUS\.m2\repository\org\springframework\security\spring-security-core\6.3.1\spring-security-core-6.3.1.jar;C:\Users\ASUS\.m2\repository\org\springframework\security\spring-security-crypto\6.3.1\spring-security-crypto-6.3.1.jar;C:\Users\ASUS\.m2\repository\me\paulschwarz\spring-dotenv\2.5.4\spring-dotenv-2.5.4.jar;C:\Users\ASUS\.m2\repository\io\github\cdimascio\dotenv-java\2.2.3\dotenv-java-2.2.3.jar;C:\Users\ASUS\.m2\repository\com\auth0\java-jwt\3.3.0\java-jwt-3.3.0.jar;C:\Users\ASUS\.m2\repository\com\fasterxml\jackson\core\jackson-databind\2.17.2\jackson-databind-2.17.2.jar;C:\Users\ASUS\.m2\repository\com\fasterxml\jackson\core\jackson-annotations\2.17.2\jackson-annotations-2.17.2.jar;C:\Users\ASUS\.m2\repository\com\fasterxml\jackson\core\jackson-core\2.17.2\jackson-core-2.17.2.jar;C:\Users\ASUS\.m2\repository\commons-codec\commons-codec\1.16.1\commons-codec-1.16.1.jar
Launcher Type: SUN_STANDARD

[Global flags]
     intx CICompilerCount                          = 12                                        {product} {ergonomic}
     uint ConcGCThreads                            = 3                                         {product} {ergonomic}
     uint G1ConcRefinementThreads                  = 13                                        {product} {ergonomic}
   size_t G1HeapRegionSize                         = 2097152                                   {product} {ergonomic}
   size_t InitialHeapSize                          = 264241152                                 {product} {ergonomic}
   size_t MarkStackSize                            = 4194304                                   {product} {ergonomic}
   size_t MaxHeapSize                              = 4223664128                                {product} {ergonomic}
   size_t MaxNewSize                               = 2533359616                                {product} {ergonomic}
   size_t MinHeapDeltaBytes                        = 2097152                                   {product} {ergonomic}
   size_t MinHeapSize                              = 8388608                                   {product} {ergonomic}
    uintx NonNMethodCodeHeapSize                   = 7602480                                {pd product} {ergonomic}
    uintx NonProfiledCodeHeapSize                  = 122027880                              {pd product} {ergonomic}
    uintx ProfiledCodeHeapSize                     = 122027880                              {pd product} {ergonomic}
    uintx ReservedCodeCacheSize                    = 251658240                              {pd product} {ergonomic}
     bool SegmentedCodeCache                       = true                                      {product} {ergonomic}
   size_t SoftMaxHeapSize                          = 4223664128                             {manageable} {ergonomic}
     bool UseCompressedOops                        = true                           {product lp64_product} {ergonomic}
     bool UseG1GC                                  = true                                      {product} {ergonomic}
     bool UseLargePagesIndividualAllocation        = false                                  {pd product} {ergonomic}

Logging:
Log output configuration:
 #0: stdout all=warning uptime,level,tags foldmultilines=false
 #1: stderr all=off uptime,level,tags foldmultilines=false

Environment Variables:
PATH=C:\Program Files\Java\jdk-21\bin;C:\Program Files\Python312\Scripts\;C:\Program Files\Python312\;C:\Windows\system32;C:\Windows;C:\Windows\System32\Wbem;C:\Windows\System32\WindowsPowerShell\v1.0\;C:\Windows\System32\OpenSSH\;C:\Program Files (x86)\NVIDIA Corporation\PhysX\Common;C:\Program Files\NVIDIA Corporation\NVIDIA NvDLISR;C:\WINDOWS\system32;C:\WINDOWS;C:\WINDOWS\System32\Wbem;C:\WINDOWS\System32\WindowsPowerShell\v1.0\;C:\WINDOWS\System32\OpenSSH\;C:\xampp\php;C:\ProgramData\ComposerSetup\bin;C:\Program Files\Python312;C:\Users\ASUS\AppData\Roaming\nvm;C:\Program Files\nodejs;C:\Program Files\Cloudflare\Cloudflare WARP\;C:\Program Files\Git\cmd;C:\Program Files (x86)\Microsoft SQL Server\160\Tools\Binn\;C:\Program Files\Microsoft SQL Server\160\Tools\Binn\;C:\Program Files\Microsoft SQL Server\Client SDK\ODBC\170\Tools\Binn\;C:\Program Files\Microsoft SQL Server\160\DTS\Binn\;C:\Program Files (x86)\Microsoft SQL Server\160\DTS\Binn\;C:\Program Files\cURL\bin;C:\Program Files\Docker\Docker\resources\bin;C:\Users\ASUS\Downloads\scrcpy-win64-v2.5.zip\scrcpy-win64-v2.5;C:\Users\ASUS\AppData\Local\Microsoft\WindowsApps;C:\Users\ASUS\AppData\Local\Programs\Microsoft VS Code\bin;C:\Users\ASUS\AppData\Roaming\npm;C:\Users\ASUS\AppData\Local\GitHubDesktop\bin;C:\Users\ASUS\AppData\Roaming\Composer\vendor\bin;C:\Program Files\Python312;C:\Users\ASUS\AppData\Roaming\nvm;C:\Program Files\nodejs;C:\Program Files\JetBrains\IntelliJ IDEA Community Edition 2024.1.1\bin;;C:\Users\ASUS\Downloads\scrcpy-win64-v2.5.zip\scrcpy-win64-v2.5;
USERNAME=Sonal
OS=Windows_NT
PROCESSOR_IDENTIFIER=Intel64 Family 6 Model 141 Stepping 1, GenuineIntel
TMP=C:\Users\ASUS\AppData\Local\Temp
TEMP=C:\Users\ASUS\AppData\Local\Temp




Periodic native trim disabled

---------------  S Y S T E M  ---------------

OS:
 Windows 11 , 64 bit Build 22621 (10.0.22621.3672)
OS uptime: 2 days 5:25 hours
Hyper-V role detected

CPU: total 16 (initial active 16) (8 cores per cpu, 2 threads per core) family 6 model 141 stepping 1 microcode 0x34, cx8, cmov, fxsr, ht, mmx, 3dnowpref, sse, sse2, sse3, ssse3, sse4.1, sse4.2, popcnt, lzcnt, tsc, tscinvbit, avx, avx2, aes, erms, clmul, bmi1, bmi2, adx, avx512f, avx512dq, avx512cd, avx512bw, avx512vl, sha, fma, vzeroupper, avx512_vpopcntdq, avx512_vpclmulqdq, avx512_vaes, avx512_vnni, clflush, clflushopt, clwb, avx512_vbmi2, avx512_vbmi, hv, rdtscp, rdpid, fsrm, gfni, avx512_bitalg, f16c, cet_ibt, cet_ss, avx512_ifma
Processor Information for all 16 processors :
  Max Mhz: 2304, Current Mhz: 2304, Mhz Limit: 2304

Memory: 4k page, system-wide physical 16105M (415M free)
TotalPageFile size 44825M (AvailPageFile size 9M)
current process WorkingSet (physical memory assigned to process): 98M, peak: 98M
current process commit charge ("private bytes"): 376M, peak: 376M

vm_info: OpenJDK 64-Bit Server VM (22.0.1+8-16) for windows-amd64 JRE (22.0.1+8-16), built on 2024-03-12T10:33:16Z by "mach5one" with MS VC++ 17.6 (VS2022)

END.
